<?xml version="1.0" encoding="UTF-8"?>
<testsuite name="com.example.project.StudentTest" tests="7" skipped="0" failures="0" errors="0" timestamp="2024-10-01T15:54:34" hostname="codespaces-74fbed" time="0.284">
  <properties/>
  <testcase name="testIsPassing()" classname="com.example.project.StudentTest" time="0.174"/>
  <testcase name="testGetLastName()" classname="com.example.project.StudentTest" time="0.008"/>
  <testcase name="testGetFirstName()" classname="com.example.project.StudentTest" time="0.014"/>
  <testcase name="testSAddTestScore()" classname="com.example.project.StudentTest" time="0.011"/>
  <testcase name="testGetHighestTestScore()" classname="com.example.project.StudentTest" time="0.01"/>
  <testcase name="testSetGradYear()" classname="com.example.project.StudentTest" time="0.001"/>
  <testcase name="testAverageTestScore()" classname="com.example.project.StudentTest" time="0.001"/>
  <system-out><![CDATA[]]></system-out>
  <system-err><![CDATA[]]></system-err>
</testsuite>
